#1 [service-a internal] load build definition from Dockerfile.service-a
#1 transferring dockerfile: 69B done
#1 DONE 0.6s

#2 [service-a internal] load metadata for docker.io/library/alpine:latest
#2 DONE 1.4s

#3 [service-a internal] load .dockerignore
#3 transferring context: 2B done
#3 DONE 0.7s

#4 [service-a 1/1] FROM docker.io/library/alpine:latest@sha256:7144f7bab3d4c2648d7e59409f15ec52a18006a128c733fcff20d3a4a54ba44a
#4 resolve docker.io/library/alpine:latest@sha256:7144f7bab3d4c2648d7e59409f15ec52a18006a128c733fcff20d3a4a54ba44a
#4 resolve docker.io/library/alpine:latest@sha256:7144f7bab3d4c2648d7e59409f15ec52a18006a128c733fcff20d3a4a54ba44a 0.3s done
#4 DONE 0.8s

#5 [service-a] exporting to docker image format
#5 exporting layers done
#5 exporting manifest sha256:6c1479c44138ae52eb46b9824a2cf7ab4755835b9c6135fbef50c19ec7f53dd3
#5 exporting manifest sha256:6c1479c44138ae52eb46b9824a2cf7ab4755835b9c6135fbef50c19ec7f53dd3 0.1s done
#5 exporting config sha256:c0881693c02c4d90f827e18e7260011ce1f1f6745832dcbff55c8e2e9caf8cde
#5 exporting config sha256:c0881693c02c4d90f827e18e7260011ce1f1f6745832dcbff55c8e2e9caf8cde 0.1s done
#5 ...

#4 [service-a 1/1] FROM docker.io/library/alpine:latest@sha256:7144f7bab3d4c2648d7e59409f15ec52a18006a128c733fcff20d3a4a54ba44a
#4 sha256:7264a8db6415046d36d16ba98b79778e18accee6ffa71850405994cffa9be7de 3.40MB / 3.40MB 0.8s done
#4 DONE 2.0s

#5 [service-a] exporting to docker image format
#5 sending tarball
#5 sending tarball 0.3s done
#5 DONE 2.0s

#6 [service-a service-a] importing to docker
#6 DONE 0.0s

#7 [service-b internal] load build definition from Dockerfile.service-b
#7 transferring dockerfile: 156B done
#7 DONE 0.2s

#8 [service-b context base-image] load metadata for registry.php-stack.docker/service-a:local
#8 ERROR: registry.php-stack.docker/service-a:local: not found
------
 > [service-b context base-image] load metadata for registry.php-stack.docker/service-a:local:
------
